Sep 28, 2018 12:40:20 PM main.java.TaskExecutor initLogger
INFO: Logger is initialized Successfully
Sep 28, 2018 12:40:20 PM main.java.TaskExecutor executeTasks
INFO: Executing tasks 23
Sep 28, 2018 12:40:20 PM main.java.TaskExecutor executeSingleTask
INFO: Task started for First Task
Sep 28, 2018 12:40:21 PM main.java.TaskExecutor executeSingleTask
INFO: Task completed for First Task
Sep 28, 2018 12:40:21 PM main.java.TaskExecutor$1 run
INFO: Started task for Other Task
Sep 28, 2018 12:40:21 PM main.java.TaskExecutor$1 run
INFO: Started task for Other Task
Sep 28, 2018 12:40:21 PM main.java.TaskExecutor$1 run
INFO: Completed task for Other Task
Sep 28, 2018 12:40:21 PM main.java.TaskExecutor$1 run
INFO: Completed task for Other Task
Sep 28, 2018 12:40:21 PM main.java.TaskExecutor$1 run
INFO: Started task for Other Task
Sep 28, 2018 12:40:21 PM main.java.TaskExecutor$1 run
INFO: Started task for Other Task
Sep 28, 2018 12:40:22 PM main.java.TaskExecutor$1 run
INFO: Completed task for Other Task
Sep 28, 2018 12:40:22 PM main.java.TaskExecutor$1 run
INFO: Completed task for Other Task
Sep 28, 2018 12:40:22 PM main.java.TaskExecutor$1 run
INFO: Started task for Other Task
Sep 28, 2018 12:40:22 PM main.java.TaskExecutor$1 run
INFO: Started task for Other Task
Sep 28, 2018 12:40:23 PM main.java.TaskExecutor$1 run
INFO: Completed task for Other Task
Sep 28, 2018 12:40:23 PM main.java.TaskExecutor$1 run
INFO: Completed task for Other Task
Sep 28, 2018 12:40:23 PM main.java.TaskExecutor$1 run
INFO: Started task for Other Task
Sep 28, 2018 12:40:23 PM main.java.TaskExecutor$1 run
INFO: Started task for Other Task
Sep 28, 2018 12:40:23 PM main.java.TaskExecutor$1 run
INFO: Completed task for Other Task
Sep 28, 2018 12:40:23 PM main.java.TaskExecutor$1 run
INFO: Completed task for Other Task
Sep 28, 2018 12:40:23 PM main.java.TaskExecutor$1 run
INFO: Started task for Other Task
Sep 28, 2018 12:40:23 PM main.java.TaskExecutor$1 run
INFO: Started task for Other Task
Sep 28, 2018 12:40:24 PM main.java.TaskExecutor$1 run
INFO: Completed task for Other Task
Sep 28, 2018 12:40:24 PM main.java.TaskExecutor$1 run
INFO: Completed task for Other Task
Sep 28, 2018 12:40:24 PM main.java.TaskExecutor$1 run
INFO: Started task for Other Task
Sep 28, 2018 12:40:24 PM main.java.TaskExecutor$1 run
INFO: Started task for Other Task
Sep 28, 2018 12:40:24 PM main.java.TaskExecutor$1 run
INFO: Completed task for Other Task
Sep 28, 2018 12:40:24 PM main.java.TaskExecutor$1 run
INFO: Started task for Other Task
Sep 28, 2018 12:40:24 PM main.java.TaskExecutor$1 run
INFO: Completed task for Other Task
Sep 28, 2018 12:40:24 PM main.java.TaskExecutor$1 run
INFO: Started task for Other Task
Sep 28, 2018 12:40:25 PM main.java.TaskExecutor$1 run
INFO: Completed task for Other Task
Sep 28, 2018 12:40:25 PM main.java.TaskExecutor$1 run
INFO: Started task for Other Task
Sep 28, 2018 12:40:25 PM main.java.TaskExecutor$1 run
INFO: Completed task for Other Task
Sep 28, 2018 12:40:25 PM main.java.TaskExecutor$1 run
INFO: Started task for Other Task
Sep 28, 2018 12:40:25 PM main.java.TaskExecutor$1 run
INFO: Completed task for Other Task
Sep 28, 2018 12:40:25 PM main.java.TaskExecutor$1 run
INFO: Started task for Other Task
Sep 28, 2018 12:40:25 PM main.java.TaskExecutor$1 run
INFO: Completed task for Other Task
Sep 28, 2018 12:40:25 PM main.java.TaskExecutor$1 run
INFO: Started task for Other Task
Sep 28, 2018 12:40:26 PM main.java.TaskExecutor$1 run
INFO: Completed task for Other Task
Sep 28, 2018 12:40:26 PM main.java.TaskExecutor$1 run
INFO: Started task for Other Task
Sep 28, 2018 12:40:26 PM main.java.TaskExecutor$1 run
INFO: Completed task for Other Task
Sep 28, 2018 12:40:26 PM main.java.TaskExecutor$1 run
INFO: Started task for Other Task
Sep 28, 2018 12:40:26 PM main.java.TaskExecutor$1 run
INFO: Completed task for Other Task
Sep 28, 2018 12:40:26 PM main.java.TaskExecutor$1 run
INFO: Completed task for Other Task
Sep 28, 2018 12:40:26 PM main.java.TaskExecutor$1 run
INFO: Started task for Other Task
Sep 28, 2018 12:40:27 PM main.java.TaskExecutor$1 run
INFO: Completed task for Other Task
Sep 28, 2018 12:40:27 PM main.java.TaskExecutor executeSingleTask
INFO: Task started for Last Task
Sep 28, 2018 12:40:28 PM main.java.TaskExecutor executeSingleTask
INFO: Task completed for Last Task
Sep 28, 2018 12:40:28 PM main.java.TaskExecutor executeTasks
INFO: All tasks ran successfully
